<?xml version="1.0" encoding="UTF-8"?>
<!-- Generated by org.testng.reporters.JUnitXMLReporter -->
<testsuite ignored="2" hostname="Sofians-MacBook-Air.local" failures="0" tests="1" name="Default test" time="10.09" errors="0" timestamp="2023-12-17T22:26:09 EST">
  <testcase classname="com.automation.bootcamp_part2_FRAMEWORK_DESIGN_Hybrid.First_Framework_Problem" name="searchProductTest" time="2.693"/>
  <testcase classname="com.automation.bootcamp_part2_FRAMEWORK_DESIGN_Hybrid.First_Framework_Problem" name="registerTest" time="0.0">
    <ignored/>
  </testcase> <!-- registerTest -->
  <testcase classname="com.automation.bootcamp_part2_FRAMEWORK_DESIGN_Hybrid.First_Framework_Problem" name="loginTest" time="0.0">
    <ignored/>
  </testcase> <!-- loginTest -->
</testsuite> <!-- Default test -->
