<?xml version="1.0" encoding="UTF-8"?>
<!-- Generated by org.testng.reporters.JUnitXMLReporter -->
<testsuite ignored="0" hostname="Sofians-MacBook-Air.local" failures="0" tests="3" name="Test" time="26.149" errors="0" timestamp="2024-01-13T20:26:02 EST">
  <testcase classname="com.automation.bootcamp_part2_FRAMEWORK_DESIGN_Hybrid.LoginTest" name="loginTest" time="1.975"/>
  <testcase classname="com.automation.bootcamp_part2_FRAMEWORK_DESIGN_Hybrid.RegisterTest" name="registerTest" time="2.691"/>
  <testcase classname="com.automation.bootcamp_part2_FRAMEWORK_DESIGN_Hybrid.SearchProductTest" name="searchProductTest" time="2.499"/>
</testsuite> <!-- Test -->
