<?xml version="1.0" encoding="UTF-8"?>
<testng-results ignored="0" total="3" passed="3" failed="0" skipped="0">
  <reporter-output>
  </reporter-output>
  <suite started-at="2024-01-13T20:25:35 EST" name="Suite" finished-at="2024-01-13T20:26:02 EST" duration-ms="26149">
    <groups>
    </groups>
    <test started-at="2024-01-13T20:25:35 EST" name="Test" finished-at="2024-01-13T20:26:02 EST" duration-ms="26149">
      <class name="com.automation.bootcamp_part2_FRAMEWORK_DESIGN_Hybrid.SearchProductTest">
        <test-method is-config="true" signature="setup()[pri:0, instance:com.automation.bootcamp_part2_FRAMEWORK_DESIGN_Hybrid.SearchProductTest@59fd97a8]" started-at="2024-01-13T20:25:54 EST" name="setup" finished-at="2024-01-13T20:25:59 EST" duration-ms="4944" status="PASS">
          <reporter-output>
          </reporter-output>
        </test-method> <!-- setup -->
        <test-method signature="searchProductTest()[pri:0, instance:com.automation.bootcamp_part2_FRAMEWORK_DESIGN_Hybrid.SearchProductTest@59fd97a8]" started-at="2024-01-13T20:25:59 EST" name="searchProductTest" finished-at="2024-01-13T20:26:01 EST" duration-ms="2499" status="PASS">
          <reporter-output>
          </reporter-output>
        </test-method> <!-- searchProductTest -->
        <test-method is-config="true" signature="tearDown()[pri:0, instance:com.automation.bootcamp_part2_FRAMEWORK_DESIGN_Hybrid.SearchProductTest@59fd97a8]" started-at="2024-01-13T20:26:01 EST" name="tearDown" finished-at="2024-01-13T20:26:02 EST" duration-ms="196" status="PASS">
          <reporter-output>
          </reporter-output>
        </test-method> <!-- tearDown -->
      </class> <!-- com.automation.bootcamp_part2_FRAMEWORK_DESIGN_Hybrid.SearchProductTest -->
      <class name="com.automation.bootcamp_part2_FRAMEWORK_DESIGN_Hybrid.LoginTest">
        <test-method is-config="true" signature="setup()[pri:0, instance:com.automation.bootcamp_part2_FRAMEWORK_DESIGN_Hybrid.LoginTest@31c88ec8]" started-at="2024-01-13T20:25:35 EST" name="setup" finished-at="2024-01-13T20:25:44 EST" duration-ms="8332" status="PASS">
          <reporter-output>
          </reporter-output>
        </test-method> <!-- setup -->
        <test-method signature="loginTest()[pri:0, instance:com.automation.bootcamp_part2_FRAMEWORK_DESIGN_Hybrid.LoginTest@31c88ec8]" started-at="2024-01-13T20:25:44 EST" name="loginTest" finished-at="2024-01-13T20:25:46 EST" duration-ms="1975" status="PASS">
          <reporter-output>
          </reporter-output>
        </test-method> <!-- loginTest -->
        <test-method is-config="true" signature="tearDown()[pri:0, instance:com.automation.bootcamp_part2_FRAMEWORK_DESIGN_Hybrid.LoginTest@31c88ec8]" started-at="2024-01-13T20:25:46 EST" name="tearDown" finished-at="2024-01-13T20:25:46 EST" duration-ms="159" status="PASS">
          <reporter-output>
          </reporter-output>
        </test-method> <!-- tearDown -->
      </class> <!-- com.automation.bootcamp_part2_FRAMEWORK_DESIGN_Hybrid.LoginTest -->
      <class name="com.automation.bootcamp_part2_FRAMEWORK_DESIGN_Hybrid.RegisterTest">
        <test-method is-config="true" signature="setup()[pri:0, instance:com.automation.bootcamp_part2_FRAMEWORK_DESIGN_Hybrid.RegisterTest@795cd85e]" started-at="2024-01-13T20:25:46 EST" name="setup" finished-at="2024-01-13T20:25:51 EST" duration-ms="5138" status="PASS">
          <reporter-output>
          </reporter-output>
        </test-method> <!-- setup -->
        <test-method signature="registerTest()[pri:0, instance:com.automation.bootcamp_part2_FRAMEWORK_DESIGN_Hybrid.RegisterTest@795cd85e]" started-at="2024-01-13T20:25:51 EST" name="registerTest" finished-at="2024-01-13T20:25:54 EST" duration-ms="2691" status="PASS">
          <reporter-output>
          </reporter-output>
        </test-method> <!-- registerTest -->
        <test-method is-config="true" signature="tearDown()[pri:0, instance:com.automation.bootcamp_part2_FRAMEWORK_DESIGN_Hybrid.RegisterTest@795cd85e]" started-at="2024-01-13T20:25:54 EST" name="tearDown" finished-at="2024-01-13T20:25:54 EST" duration-ms="151" status="PASS">
          <reporter-output>
          </reporter-output>
        </test-method> <!-- tearDown -->
      </class> <!-- com.automation.bootcamp_part2_FRAMEWORK_DESIGN_Hybrid.RegisterTest -->
    </test> <!-- Test -->
  </suite> <!-- Suite -->
</testng-results>
