<?xml version="1.0" encoding="UTF-8"?>
<testng-results ignored="0" total="1" passed="1" failed="0" skipped="0">
  <reporter-output>
  </reporter-output>
  <suite started-at="2023-12-17T22:25:59 EST" name="Default suite" finished-at="2023-12-17T22:26:09 EST" duration-ms="10090">
    <groups>
    </groups>
    <test started-at="2023-12-17T22:25:59 EST" name="Default test" finished-at="2023-12-17T22:26:09 EST" duration-ms="10090">
      <class name="com.automation.bootcamp_part2_FRAMEWORK_DESIGN_Hybrid.First_Framework_Problem">
        <test-method is-config="true" signature="setup()[pri:0, instance:com.automation.bootcamp_part2_FRAMEWORK_DESIGN_Hybrid.First_Framework_Problem@4c1909a3]" started-at="2023-12-17T22:25:59 EST" name="setup" finished-at="2023-12-17T22:26:06 EST" duration-ms="7321" status="PASS">
          <reporter-output>
          </reporter-output>
        </test-method> <!-- setup -->
        <test-method signature="searchProductTest()[pri:0, instance:com.automation.bootcamp_part2_FRAMEWORK_DESIGN_Hybrid.First_Framework_Problem@4c1909a3]" started-at="2023-12-17T22:26:06 EST" name="searchProductTest" finished-at="2023-12-17T22:26:09 EST" duration-ms="2693" status="PASS">
          <reporter-output>
          </reporter-output>
        </test-method> <!-- searchProductTest -->
        <test-method is-config="true" signature="tearDown()[pri:0, instance:com.automation.bootcamp_part2_FRAMEWORK_DESIGN_Hybrid.First_Framework_Problem@4c1909a3]" started-at="2023-12-17T22:26:09 EST" name="tearDown" finished-at="2023-12-17T22:26:09 EST" duration-ms="1" status="PASS">
          <reporter-output>
          </reporter-output>
        </test-method> <!-- tearDown -->
      </class> <!-- com.automation.bootcamp_part2_FRAMEWORK_DESIGN_Hybrid.First_Framework_Problem -->
    </test> <!-- Default test -->
  </suite> <!-- Default suite -->
</testng-results>
